Sun Jun 22 04:45:51 UTC 2025
Sun Jun 22 04:46:04 UTC 2025
Sun Jun 22 14:47:03 UTC 2025
Mon Jun 23 14:54:22 UTC 2025
Tue Jun 24 14:50:43 UTC 2025
Wed Jun 25 14:47:17 UTC 2025
Thu Jun 26 14:45:35 UTC 2025
Fri Jun 27 14:45:14 UTC 2025
Sat Jun 28 14:43:11 UTC 2025
Sun Jun 29 14:42:14 UTC 2025
Mon Jun 30 14:45:59 UTC 2025
Tue Jul  1 14:44:09 UTC 2025
Wed Jul  2 14:46:13 UTC 2025
Thu Jul  3 14:45:37 UTC 2025
Fri Jul  4 14:44:37 UTC 2025
Sat Jul  5 14:42:52 UTC 2025
Sun Jul  6 14:42:24 UTC 2025
Mon Jul  7 14:46:05 UTC 2025
Tue Jul  8 14:46:12 UTC 2025
Wed Jul  9 14:46:22 UTC 2025
Thu Jul 10 14:48:24 UTC 2025
Fri Jul 11 14:46:07 UTC 2025
Sat Jul 12 14:42:48 UTC 2025
